c:\users\dbillit\downloads\win32project4\win32project4\win32project4\release\vc140.pdb
c:\users\dbillit\downloads\win32project4\win32project4\win32project4\release\source.obj
c:\users\dbillit\downloads\win32project4\win32project4\win32project4\release\scene.obj
c:\users\dbillit\downloads\win32project4\win32project4\win32project4\release\resource.obj
c:\users\dbillit\downloads\win32project4\win32project4\win32project4\release\midiparserip.obj
c:\users\dbillit\downloads\win32project4\win32project4\win32project4\release\audio.obj
c:\users\dbillit\downloads\win32project4\win32project4\release\team13_dip_dancecv.exe
c:\users\dbillit\downloads\win32project4\win32project4\release\team13_dip_dancecv.ipdb
c:\users\dbillit\downloads\win32project4\win32project4\release\team13_dip_dancecv.iobj
c:\users\dbillit\downloads\win32project4\win32project4\release\team13_dip_dancecv.pdb
c:\users\dbillit\downloads\win32project4\win32project4\win32project4\release\nativecodeanalysis.read.1.tlog
c:\users\dbillit\downloads\win32project4\win32project4\win32project4\release\audio.nativecodeanalysis.xml
c:\users\dbillit\downloads\win32project4\win32project4\win32project4\release\input.nativecodeanalysis.xml
c:\users\dbillit\downloads\win32project4\win32project4\win32project4\release\midiparserip.nativecodeanalysis.xml
c:\users\dbillit\downloads\win32project4\win32project4\win32project4\release\resource.nativecodeanalysis.xml
c:\users\dbillit\downloads\win32project4\win32project4\win32project4\release\scene.nativecodeanalysis.xml
c:\users\dbillit\downloads\win32project4\win32project4\win32project4\release\source.nativecodeanalysis.xml
c:\users\dbillit\downloads\win32project4\win32project4\win32project4\release\vc.nativecodeanalysis.all.xml
c:\users\dbillit\downloads\win32project4\win32project4\release\team13_dip_dancecv.exe.lastcodeanalysissucceeded
c:\users\dbillit\downloads\win32project4\win32project4\win32project4\release\team13_d.a5dc8587.tlog\cl.command.1.tlog
c:\users\dbillit\downloads\win32project4\win32project4\win32project4\release\team13_d.a5dc8587.tlog\cl.write.1.tlog
c:\users\dbillit\downloads\win32project4\win32project4\win32project4\release\team13_d.a5dc8587.tlog\link.command.1.tlog
c:\users\dbillit\downloads\win32project4\win32project4\win32project4\release\team13_d.a5dc8587.tlog\link.read.1.tlog
c:\users\dbillit\downloads\win32project4\win32project4\win32project4\release\team13_d.a5dc8587.tlog\link.write.1.tlog
